2025/07/26 21:15:03 Starting server on :8080 (base-url: "", assets-path: "")
DEBUG: Spotify widget update called
DEBUG: Spotify widget update called
DEBUG: Got token: BQADH7K_YmsV3hHb9NFC...
DEBUG: Got token: BQB3QSVL6NHJmeUcVtvS...
DEBUG: Got 10 albums
DEBUG: Got 8 albums
DEBUG: Spotify widget update called
DEBUG: Spotify widget update called
DEBUG: Got token: BQCku6P5LX22mOpJdLak...
DEBUG: Got token: BQBwn7q5xaHKZkY3fqpp...
DEBUG: Got 8 albums
DEBUG: Got 10 albums
DEBUG: Spotify widget update called
DEBUG: Spotify widget update called
DEBUG: Got token: BQCqByJAK3Nh9MYHVX2_...
DEBUG: Got token: BQARJXUXoqR6apaK7bKW...
DEBUG: Got 8 albums
DEBUG: Got 10 albums
DEBUG: Spotify widget update called
DEBUG: Spotify widget update called
DEBUG: Got token: BQAQOR45YMzh342y3PuR...
DEBUG: Got token: BQDaBGuO6n8EZyCw-5e5...
DEBUG: Got 10 albums
DEBUG: Got 8 albums
